nohup: ignoring input
***** initial sigma epsilon   *****
[[0.54409759 4.1746682 ]
 [0.79972129 5.96949102]
 [0.30111421 2.12110512]
 [0.30444691 2.46975405]
 [0.31762943 3.65834732]
 [0.36803134 5.88327345]
 [0.53509926 2.45328112]
 [0.79822374 3.60766072]
 [0.30707979 5.84606989]
 [0.32791816 2.59202597]
 [0.40543726 4.01760914]
 [0.63281291 5.99968992]
 [0.74513617 2.00124023]
 [0.495375   2.00495939]
 [0.77612887 2.01981296]
 [0.39092587 2.07885927]
 [0.59756337 2.30921828]
 [0.78190181 3.14125719]
 [0.36977241 5.26256078]
 [0.54014414 4.40594027]
 [0.7992229  5.8352125 ]
 [0.30310358 2.63199509]
 [0.31233728 4.12856257]
 [0.34813144 5.98347166]
 [0.47399269 2.06584015]
 [0.75378311 2.25902569]
 [0.46777956 2.96900846]
 [0.7459184  4.93705644]
 [0.49292785 5.12192523]
 [0.77394216 4.74128377]
 [0.39879929 5.45049838]
 [0.61710676 3.89605446]
 [0.76397346 5.98919533]
 [0.43372286 2.04310196]
 [0.69183701 2.17055005]
 [0.63905809 2.65311289]
 [0.73654925 4.18589512]
 [0.52159502 5.965443  ]
 [0.79354526 2.1370338 ]
 [0.32548567 2.52935693]]
!!!!!!!!  running...... iter: 1/60   !!!!!!!!!!!
Sub process: [0, 1, 2, 3]/40
Sub process: [4, 5, 6, 7]/40
Sub process: [8, 9, 10, 11]/40
Sub process: [12, 13, 14, 15]/40
Sub process: [16, 17, 18, 19]/40
Sub process: [20, 21, 22, 23]/40
Sub process: [24, 25, 26, 27]/40
Sub process: [28, 29, 30, 31]/40
Sub process: [32, 33, 34, 35]/40
Sub process: [36, 37, 38, 39]/40
grep: MD_run/particle_37/den.log: No such file or directory
grep: MD_run/particle_38/den.log: No such file or directory
grep: MD_run/particle_39/den.log: No such file or directory
Best score: 0.185300
Best score particle num: 4
Gbest particle num: 23
Gfitness value: 0.23740641722670774
Gbest value:
[0.31233728 4.12856257]
!!!!!!!!  running...... iter: 2/60   !!!!!!!!!!!
Sub process: [0, 1, 2, 3]/40
Sub process: [4, 5, 6, 7]/40
Sub process: [8, 9, 10, 11]/40
Sub process: [12, 13, 14, 15]/40
